<?xml version="1.0" encoding="UTF-8"?>
<!-- Generated by org.testng.reporters.JUnitXMLReporter -->
<testsuite ignored="0" hostname="DESKTOP-6RDAJ8O" failures="0" tests="3" name="Default test" time="72.128" errors="0" timestamp="2023-01-04T19:43:13 IST">
  <testcase classname="litigationManagement.CFO" name="Login" time="10.282"/>
  <testcase classname="litigationManagement.CFO" name="CaseTaskActivity" time="43.909"/>
  <testcase classname="litigationManagement.CFO" name="CaseHearing" time="13.568"/>
</testsuite> <!-- Default test -->
