<?xml version="1.0" encoding="UTF-8"?>
<!-- Generated by org.testng.reporters.JUnitXMLReporter -->
<testsuite ignored="0" hostname="DESKTOP-6RDAJ8O" failures="0" tests="5" name="Default test" time="418.576" errors="0" timestamp="2023-01-23T19:29:15 IST">
  <testcase classname="litigationPerformer.performer" name="Login" time="7.736"/>
  <testcase classname="litigationPerformer.performer" name="MoreReports" time="63.124"/>
  <testcase classname="litigationPerformer.performer" name="WorkspaceFilter" time="123.532"/>
  <testcase classname="litigationPerformer.performer" name="DocumentFilter" time="91.432"/>
  <testcase classname="litigationPerformer.performer" name="ReportFilter" time="128.458"/>
</testsuite> <!-- Default test -->
