<?xml version="1.0" encoding="UTF-8"?>
<testng-results ignored="0" total="2" passed="2" failed="0" skipped="0">
  <reporter-output>
  </reporter-output>
  <suite started-at="2023-01-17T19:56:45 IST" name="Default suite" finished-at="2023-01-17T19:59:22 IST" duration-ms="156618">
    <groups>
    </groups>
    <test started-at="2023-01-17T19:56:45 IST" name="Default test" finished-at="2023-01-17T19:59:22 IST" duration-ms="156618">
      <class name="litigationManagement.CFO">
        <test-method is-config="true" signature="setBrowser()[pri:0, instance:litigationManagement.CFO@2b91004a]" started-at="2023-01-17T19:56:45 IST" name="setBrowser" finished-at="2023-01-17T19:56:50 IST" duration-ms="4833" status="PASS">
          <reporter-output>
          </reporter-output>
        </test-method> <!-- setBrowser -->
        <test-method signature="Login()[pri:1, instance:litigationManagement.CFO@2b91004a]" started-at="2023-01-17T19:56:50 IST" name="Login" finished-at="2023-01-17T19:57:00 IST" duration-ms="10604" status="PASS">
          <reporter-output>
          </reporter-output>
        </test-method> <!-- Login -->
        <test-method signature="NoticeOpen()[pri:10, instance:litigationManagement.CFO@2b91004a]" started-at="2023-01-17T19:57:00 IST" name="NoticeOpen" finished-at="2023-01-17T19:59:22 IST" duration-ms="141137" status="PASS">
          <reporter-output>
          </reporter-output>
        </test-method> <!-- NoticeOpen -->
      </class> <!-- litigationManagement.CFO -->
    </test> <!-- Default test -->
  </suite> <!-- Default suite -->
</testng-results>
